2013-10-13 18:40:33,176 Total number of light curves: 1602180
2013-10-13 18:40:33,299 [      1/160218]Grid done. P = 0.04 | Dur. = 0.01 | Depth = 0.10
2013-10-13 18:40:33,432 [      2/160218]Grid done. P = 0.04 | Dur. = 0.01 | Depth = 0.20
2013-10-13 18:40:33,545 [      3/160218]Grid done. P = 0.04 | Dur. = 0.01 | Depth = 0.30
2013-10-13 18:40:33,659 [      4/160218]Grid done. P = 0.04 | Dur. = 0.01 | Depth = 0.40
2013-10-13 18:40:33,799 [      5/160218]Grid done. P = 0.04 | Dur. = 0.01 | Depth = 0.50
2013-10-13 18:40:33,914 [      6/160218]Grid done. P = 0.04 | Dur. = 0.01 | Depth = 0.60
2013-10-13 18:40:34,039 [      7/160218]Grid done. P = 0.04 | Dur. = 0.01 | Depth = 0.70
2013-10-13 18:40:34,202 [      8/160218]Grid done. P = 0.04 | Dur. = 0.01 | Depth = 0.80
2013-10-13 18:40:34,329 [      9/160218]Grid done. P = 0.04 | Dur. = 0.01 | Depth = 0.90
2013-10-13 18:40:34,441 [     10/160218]Grid done. P = 0.04 | Dur. = 0.02 | Depth = 0.10
2013-10-13 18:40:34,555 [     11/160218]Grid done. P = 0.04 | Dur. = 0.02 | Depth = 0.20
2013-10-13 18:40:34,681 [     12/160218]Grid done. P = 0.04 | Dur. = 0.02 | Depth = 0.30
2013-10-13 18:40:34,805 [     13/160218]Grid done. P = 0.04 | Dur. = 0.02 | Depth = 0.40
2013-10-13 18:40:34,922 [     14/160218]Grid done. P = 0.04 | Dur. = 0.02 | Depth = 0.50
2013-10-13 18:40:35,050 [     15/160218]Grid done. P = 0.04 | Dur. = 0.02 | Depth = 0.60
2013-10-13 18:40:35,169 [     16/160218]Grid done. P = 0.04 | Dur. = 0.02 | Depth = 0.70
2013-10-13 18:40:35,291 [     17/160218]Grid done. P = 0.04 | Dur. = 0.02 | Depth = 0.80
2013-10-13 18:40:35,415 [     18/160218]Grid done. P = 0.04 | Dur. = 0.02 | Depth = 0.90
2013-10-13 18:40:35,536 [     19/160218]Grid done. P = 0.04 | Dur. = 0.03 | Depth = 0.10
2013-10-13 18:40:35,669 [     20/160218]Grid done. P = 0.04 | Dur. = 0.03 | Depth = 0.20
2013-10-13 18:40:35,780 [     21/160218]Grid done. P = 0.04 | Dur. = 0.03 | Depth = 0.30
2013-10-13 18:40:35,901 [     22/160218]Grid done. P = 0.04 | Dur. = 0.03 | Depth = 0.40
2013-10-13 18:40:36,101 [     23/160218]Grid done. P = 0.04 | Dur. = 0.03 | Depth = 0.50
2013-10-13 18:40:36,328 [     24/160218]Grid done. P = 0.04 | Dur. = 0.03 | Depth = 0.60
2013-10-13 18:40:36,490 [     25/160218]Grid done. P = 0.04 | Dur. = 0.03 | Depth = 0.70
2013-10-13 18:40:36,608 [     26/160218]Grid done. P = 0.04 | Dur. = 0.03 | Depth = 0.80
2013-10-13 18:40:36,735 [     27/160218]Grid done. P = 0.04 | Dur. = 0.03 | Depth = 0.90
2013-10-13 18:40:36,851 [     28/160218]Grid done. P = 0.04 | Dur. = 0.04 | Depth = 0.10
2013-10-13 18:40:36,974 [     29/160218]Grid done. P = 0.04 | Dur. = 0.04 | Depth = 0.20
2013-10-13 18:40:37,109 [     30/160218]Grid done. P = 0.04 | Dur. = 0.04 | Depth = 0.30
2013-10-13 18:40:37,249 [     31/160218]Grid done. P = 0.04 | Dur. = 0.04 | Depth = 0.40
2013-10-13 18:40:37,370 [     32/160218]Grid done. P = 0.04 | Dur. = 0.04 | Depth = 0.50
2013-10-13 18:40:37,534 [     33/160218]Grid done. P = 0.04 | Dur. = 0.04 | Depth = 0.60
2013-10-13 18:40:37,652 [     34/160218]Grid done. P = 0.04 | Dur. = 0.04 | Depth = 0.70
2013-10-13 18:40:37,762 [     35/160218]Grid done. P = 0.04 | Dur. = 0.04 | Depth = 0.80
2013-10-13 18:40:37,873 [     36/160218]Grid done. P = 0.04 | Dur. = 0.04 | Depth = 0.90
2013-10-13 18:40:37,986 [     37/160218]Grid done. P = 0.04 | Dur. = 0.05 | Depth = 0.10
2013-10-13 18:40:38,112 [     38/160218]Grid done. P = 0.04 | Dur. = 0.05 | Depth = 0.20
2013-10-13 18:40:38,234 [     39/160218]Grid done. P = 0.04 | Dur. = 0.05 | Depth = 0.30
2013-10-13 18:40:38,348 [     40/160218]Grid done. P = 0.04 | Dur. = 0.05 | Depth = 0.40
2013-10-13 18:40:38,462 [     41/160218]Grid done. P = 0.04 | Dur. = 0.05 | Depth = 0.50
2013-10-13 18:40:38,575 [     42/160218]Grid done. P = 0.04 | Dur. = 0.05 | Depth = 0.60
2013-10-13 18:40:38,690 [     43/160218]Grid done. P = 0.04 | Dur. = 0.05 | Depth = 0.70
2013-10-13 18:40:38,813 [     44/160218]Grid done. P = 0.04 | Dur. = 0.05 | Depth = 0.80
2013-10-13 18:40:38,927 [     45/160218]Grid done. P = 0.04 | Dur. = 0.05 | Depth = 0.90
2013-10-13 18:40:39,044 [     46/160218]Grid done. P = 0.04 | Dur. = 0.06 | Depth = 0.10
2013-10-13 18:40:39,158 [     47/160218]Grid done. P = 0.04 | Dur. = 0.06 | Depth = 0.20
2013-10-13 18:40:39,285 [     48/160218]Grid done. P = 0.04 | Dur. = 0.06 | Depth = 0.30
2013-10-13 18:40:39,415 [     49/160218]Grid done. P = 0.04 | Dur. = 0.06 | Depth = 0.40
2013-10-13 18:40:39,529 [     50/160218]Grid done. P = 0.04 | Dur. = 0.06 | Depth = 0.50
2013-10-13 18:40:39,656 [     51/160218]Grid done. P = 0.04 | Dur. = 0.06 | Depth = 0.60
2013-10-13 18:40:39,785 [     52/160218]Grid done. P = 0.04 | Dur. = 0.06 | Depth = 0.70
2013-10-13 18:40:39,901 [     53/160218]Grid done. P = 0.04 | Dur. = 0.06 | Depth = 0.80
2013-10-13 18:40:40,014 [     54/160218]Grid done. P = 0.04 | Dur. = 0.06 | Depth = 0.90
2013-10-13 18:40:40,136 [     55/160218]Grid done. P = 0.04 | Dur. = 0.07 | Depth = 0.10
2013-10-13 18:40:40,271 [     56/160218]Grid done. P = 0.04 | Dur. = 0.07 | Depth = 0.20
2013-10-13 18:40:40,385 [     57/160218]Grid done. P = 0.04 | Dur. = 0.07 | Depth = 0.30
2013-10-13 18:40:40,518 [     58/160218]Grid done. P = 0.04 | Dur. = 0.07 | Depth = 0.40
2013-10-13 18:40:40,631 [     59/160218]Grid done. P = 0.04 | Dur. = 0.07 | Depth = 0.50
2013-10-13 18:40:40,751 [     60/160218]Grid done. P = 0.04 | Dur. = 0.07 | Depth = 0.60
2013-10-13 18:40:40,863 [     61/160218]Grid done. P = 0.04 | Dur. = 0.07 | Depth = 0.70
2013-10-13 18:40:40,978 [     62/160218]Grid done. P = 0.04 | Dur. = 0.07 | Depth = 0.80
2013-10-13 18:40:41,094 [     63/160218]Grid done. P = 0.04 | Dur. = 0.07 | Depth = 0.90
2013-10-13 18:40:41,231 [     64/160218]Grid done. P = 0.04 | Dur. = 0.08 | Depth = 0.10
2013-10-13 18:40:41,351 [     65/160218]Grid done. P = 0.04 | Dur. = 0.08 | Depth = 0.20
2013-10-13 18:40:41,502 [     66/160218]Grid done. P = 0.04 | Dur. = 0.08 | Depth = 0.30
2013-10-13 18:40:41,699 [     67/160218]Grid done. P = 0.04 | Dur. = 0.08 | Depth = 0.40
2013-10-13 18:40:41,861 [     68/160218]Grid done. P = 0.04 | Dur. = 0.08 | Depth = 0.50
2013-10-13 18:40:42,007 [     69/160218]Grid done. P = 0.04 | Dur. = 0.08 | Depth = 0.60
2013-10-13 18:40:42,144 [     70/160218]Grid done. P = 0.04 | Dur. = 0.08 | Depth = 0.70
2013-10-13 18:40:42,288 [     71/160218]Grid done. P = 0.04 | Dur. = 0.08 | Depth = 0.80
2013-10-13 18:40:42,428 [     72/160218]Grid done. P = 0.04 | Dur. = 0.08 | Depth = 0.90
2013-10-13 18:40:42,613 [     73/160218]Grid done. P = 0.04 | Dur. = 0.09 | Depth = 0.10
2013-10-13 18:40:42,746 [     74/160218]Grid done. P = 0.04 | Dur. = 0.09 | Depth = 0.20
2013-10-13 18:40:42,902 [     75/160218]Grid done. P = 0.04 | Dur. = 0.09 | Depth = 0.30
2013-10-13 18:40:43,039 [     76/160218]Grid done. P = 0.04 | Dur. = 0.09 | Depth = 0.40
2013-10-13 18:40:43,167 [     77/160218]Grid done. P = 0.04 | Dur. = 0.09 | Depth = 0.50
2013-10-13 18:40:43,336 [     78/160218]Grid done. P = 0.04 | Dur. = 0.09 | Depth = 0.60
2013-10-13 18:40:43,466 [     79/160218]Grid done. P = 0.04 | Dur. = 0.09 | Depth = 0.70
2013-10-13 18:40:43,578 [     80/160218]Grid done. P = 0.04 | Dur. = 0.09 | Depth = 0.80
2013-10-13 18:40:43,691 [     81/160218]Grid done. P = 0.04 | Dur. = 0.09 | Depth = 0.90
2013-10-13 18:40:43,805 [     82/160218]Grid done. P = 0.14 | Dur. = 0.01 | Depth = 0.10
2013-10-13 18:40:43,920 [     83/160218]Grid done. P = 0.14 | Dur. = 0.01 | Depth = 0.20
2013-10-13 18:40:44,031 [     84/160218]Grid done. P = 0.14 | Dur. = 0.01 | Depth = 0.30
2013-10-13 18:40:44,153 [     85/160218]Grid done. P = 0.14 | Dur. = 0.01 | Depth = 0.40
2013-10-13 18:40:44,380 [     86/160218]Grid done. P = 0.14 | Dur. = 0.01 | Depth = 0.50
2013-10-13 18:40:44,534 [     87/160218]Grid done. P = 0.14 | Dur. = 0.01 | Depth = 0.60
2013-10-13 18:40:44,675 [     88/160218]Grid done. P = 0.14 | Dur. = 0.01 | Depth = 0.70
2013-10-13 18:40:44,826 [     89/160218]Grid done. P = 0.14 | Dur. = 0.01 | Depth = 0.80
2013-10-13 18:40:44,941 [     90/160218]Grid done. P = 0.14 | Dur. = 0.01 | Depth = 0.90
2013-10-13 18:40:45,052 [     91/160218]Grid done. P = 0.14 | Dur. = 0.02 | Depth = 0.10
2013-10-13 18:40:45,163 [     92/160218]Grid done. P = 0.14 | Dur. = 0.02 | Depth = 0.20
2013-10-13 18:40:45,275 [     93/160218]Grid done. P = 0.14 | Dur. = 0.02 | Depth = 0.30
2013-10-13 18:40:45,410 [     94/160218]Grid done. P = 0.14 | Dur. = 0.02 | Depth = 0.40
2013-10-13 18:40:45,531 [     95/160218]Grid done. P = 0.14 | Dur. = 0.02 | Depth = 0.50
2013-10-13 18:40:45,647 [     96/160218]Grid done. P = 0.14 | Dur. = 0.02 | Depth = 0.60
2013-10-13 18:40:45,758 [     97/160218]Grid done. P = 0.14 | Dur. = 0.02 | Depth = 0.70
2013-10-13 18:40:45,869 [     98/160218]Grid done. P = 0.14 | Dur. = 0.02 | Depth = 0.80
2013-10-13 18:40:45,982 [     99/160218]Grid done. P = 0.14 | Dur. = 0.02 | Depth = 0.90
2013-10-13 18:40:46,098 [    100/160218]Grid done. P = 0.14 | Dur. = 0.03 | Depth = 0.10
2013-10-13 18:40:46,213 [    101/160218]Grid done. P = 0.14 | Dur. = 0.03 | Depth = 0.20
2013-10-13 18:40:46,323 [    102/160218]Grid done. P = 0.14 | Dur. = 0.03 | Depth = 0.30
2013-10-13 18:40:46,433 [    103/160218]Grid done. P = 0.14 | Dur. = 0.03 | Depth = 0.40
2013-10-13 18:40:46,544 [    104/160218]Grid done. P = 0.14 | Dur. = 0.03 | Depth = 0.50
2013-10-13 18:40:46,659 [    105/160218]Grid done. P = 0.14 | Dur. = 0.03 | Depth = 0.60
2013-10-13 18:40:46,790 [    106/160218]Grid done. P = 0.14 | Dur. = 0.03 | Depth = 0.70
2013-10-13 18:40:46,900 [    107/160218]Grid done. P = 0.14 | Dur. = 0.03 | Depth = 0.80
2013-10-13 18:40:47,010 [    108/160218]Grid done. P = 0.14 | Dur. = 0.03 | Depth = 0.90
2013-10-13 18:40:47,122 [    109/160218]Grid done. P = 0.14 | Dur. = 0.04 | Depth = 0.10
2013-10-13 18:40:47,239 [    110/160218]Grid done. P = 0.14 | Dur. = 0.04 | Depth = 0.20
2013-10-13 18:40:47,366 [    111/160218]Grid done. P = 0.14 | Dur. = 0.04 | Depth = 0.30
2013-10-13 18:40:47,494 [    112/160218]Grid done. P = 0.14 | Dur. = 0.04 | Depth = 0.40
2013-10-13 18:40:47,616 [    113/160218]Grid done. P = 0.14 | Dur. = 0.04 | Depth = 0.50
2013-10-13 18:40:47,732 [    114/160218]Grid done. P = 0.14 | Dur. = 0.04 | Depth = 0.60
2013-10-13 18:40:47,845 [    115/160218]Grid done. P = 0.14 | Dur. = 0.04 | Depth = 0.70
2013-10-13 18:40:47,968 [    116/160218]Grid done. P = 0.14 | Dur. = 0.04 | Depth = 0.80
2013-10-13 18:40:48,092 [    117/160218]Grid done. P = 0.14 | Dur. = 0.04 | Depth = 0.90
2013-10-13 18:40:48,215 [    118/160218]Grid done. P = 0.14 | Dur. = 0.05 | Depth = 0.10
2013-10-13 18:40:48,327 [    119/160218]Grid done. P = 0.14 | Dur. = 0.05 | Depth = 0.20
2013-10-13 18:40:48,444 [    120/160218]Grid done. P = 0.14 | Dur. = 0.05 | Depth = 0.30
2013-10-13 18:40:48,558 [    121/160218]Grid done. P = 0.14 | Dur. = 0.05 | Depth = 0.40
2013-10-13 18:40:48,671 [    122/160218]Grid done. P = 0.14 | Dur. = 0.05 | Depth = 0.50
2013-10-13 18:40:48,793 [    123/160218]Grid done. P = 0.14 | Dur. = 0.05 | Depth = 0.60
2013-10-13 18:40:48,966 [    124/160218]Grid done. P = 0.14 | Dur. = 0.05 | Depth = 0.70
2013-10-13 18:40:49,076 [    125/160218]Grid done. P = 0.14 | Dur. = 0.05 | Depth = 0.80
2013-10-13 18:40:49,198 [    126/160218]Grid done. P = 0.14 | Dur. = 0.05 | Depth = 0.90
2013-10-13 18:40:49,324 [    127/160218]Grid done. P = 0.14 | Dur. = 0.06 | Depth = 0.10
2013-10-13 18:40:49,442 [    128/160218]Grid done. P = 0.14 | Dur. = 0.06 | Depth = 0.20
2013-10-13 18:40:49,561 [    129/160218]Grid done. P = 0.14 | Dur. = 0.06 | Depth = 0.30
2013-10-13 18:40:49,677 [    130/160218]Grid done. P = 0.14 | Dur. = 0.06 | Depth = 0.40
2013-10-13 18:40:49,787 [    131/160218]Grid done. P = 0.14 | Dur. = 0.06 | Depth = 0.50
2013-10-13 18:40:49,900 [    132/160218]Grid done. P = 0.14 | Dur. = 0.06 | Depth = 0.60
2013-10-13 18:40:50,029 [    133/160218]Grid done. P = 0.14 | Dur. = 0.06 | Depth = 0.70
2013-10-13 18:40:50,163 [    134/160218]Grid done. P = 0.14 | Dur. = 0.06 | Depth = 0.80
2013-10-13 18:40:50,287 [    135/160218]Grid done. P = 0.14 | Dur. = 0.06 | Depth = 0.90
2013-10-13 18:40:50,407 [    136/160218]Grid done. P = 0.14 | Dur. = 0.07 | Depth = 0.10
2013-10-13 18:40:50,527 [    137/160218]Grid done. P = 0.14 | Dur. = 0.07 | Depth = 0.20
2013-10-13 18:40:50,654 [    138/160218]Grid done. P = 0.14 | Dur. = 0.07 | Depth = 0.30
2013-10-13 18:40:50,772 [    139/160218]Grid done. P = 0.14 | Dur. = 0.07 | Depth = 0.40
2013-10-13 18:40:50,884 [    140/160218]Grid done. P = 0.14 | Dur. = 0.07 | Depth = 0.50
2013-10-13 18:40:51,004 [    141/160218]Grid done. P = 0.14 | Dur. = 0.07 | Depth = 0.60
2013-10-13 18:40:51,119 [    142/160218]Grid done. P = 0.14 | Dur. = 0.07 | Depth = 0.70
2013-10-13 18:40:51,242 [    143/160218]Grid done. P = 0.14 | Dur. = 0.07 | Depth = 0.80
2013-10-13 18:40:51,358 [    144/160218]Grid done. P = 0.14 | Dur. = 0.07 | Depth = 0.90
2013-10-13 18:40:51,470 [    145/160218]Grid done. P = 0.14 | Dur. = 0.08 | Depth = 0.10
2013-10-13 18:40:51,586 [    146/160218]Grid done. P = 0.14 | Dur. = 0.08 | Depth = 0.20
2013-10-13 18:40:51,698 [    147/160218]Grid done. P = 0.14 | Dur. = 0.08 | Depth = 0.30
2013-10-13 18:40:51,809 [    148/160218]Grid done. P = 0.14 | Dur. = 0.08 | Depth = 0.40
2013-10-13 18:40:51,922 [    149/160218]Grid done. P = 0.14 | Dur. = 0.08 | Depth = 0.50
2013-10-13 18:40:52,035 [    150/160218]Grid done. P = 0.14 | Dur. = 0.08 | Depth = 0.60
2013-10-13 18:40:52,147 [    151/160218]Grid done. P = 0.14 | Dur. = 0.08 | Depth = 0.70
2013-10-13 18:40:52,264 [    152/160218]Grid done. P = 0.14 | Dur. = 0.08 | Depth = 0.80
2013-10-13 18:40:52,383 [    153/160218]Grid done. P = 0.14 | Dur. = 0.08 | Depth = 0.90
2013-10-13 18:40:52,522 [    154/160218]Grid done. P = 0.14 | Dur. = 0.09 | Depth = 0.10
2013-10-13 18:40:52,645 [    155/160218]Grid done. P = 0.14 | Dur. = 0.09 | Depth = 0.20
2013-10-13 18:40:52,759 [    156/160218]Grid done. P = 0.14 | Dur. = 0.09 | Depth = 0.30
2013-10-13 18:40:52,879 [    157/160218]Grid done. P = 0.14 | Dur. = 0.09 | Depth = 0.40
2013-10-13 18:40:52,994 [    158/160218]Grid done. P = 0.14 | Dur. = 0.09 | Depth = 0.50
2013-10-13 18:40:53,105 [    159/160218]Grid done. P = 0.14 | Dur. = 0.09 | Depth = 0.60
2013-10-13 18:40:53,220 [    160/160218]Grid done. P = 0.14 | Dur. = 0.09 | Depth = 0.70
2013-10-13 18:40:53,329 [    161/160218]Grid done. P = 0.14 | Dur. = 0.09 | Depth = 0.80
2013-10-13 18:40:53,443 [    162/160218]Grid done. P = 0.14 | Dur. = 0.09 | Depth = 0.90
2013-10-13 18:40:53,556 [    163/160218]Grid done. P = 0.24 | Dur. = 0.01 | Depth = 0.10
2013-10-13 18:40:53,696 [    164/160218]Grid done. P = 0.24 | Dur. = 0.01 | Depth = 0.20
2013-10-13 18:40:53,808 [    165/160218]Grid done. P = 0.24 | Dur. = 0.01 | Depth = 0.30
2013-10-13 18:40:53,922 [    166/160218]Grid done. P = 0.24 | Dur. = 0.01 | Depth = 0.40
2013-10-13 18:40:54,037 [    167/160218]Grid done. P = 0.24 | Dur. = 0.01 | Depth = 0.50
2013-10-13 18:40:54,148 [    168/160218]Grid done. P = 0.24 | Dur. = 0.01 | Depth = 0.60
2013-10-13 18:40:54,284 [    169/160218]Grid done. P = 0.24 | Dur. = 0.01 | Depth = 0.70
2013-10-13 18:40:54,414 [    170/160218]Grid done. P = 0.24 | Dur. = 0.01 | Depth = 0.80
2013-10-13 18:40:54,528 [    171/160218]Grid done. P = 0.24 | Dur. = 0.01 | Depth = 0.90
2013-10-13 18:40:54,643 [    172/160218]Grid done. P = 0.24 | Dur. = 0.02 | Depth = 0.10
2013-10-13 18:40:54,758 [    173/160218]Grid done. P = 0.24 | Dur. = 0.02 | Depth = 0.20
2013-10-13 18:40:54,870 [    174/160218]Grid done. P = 0.24 | Dur. = 0.02 | Depth = 0.30
2013-10-13 18:40:54,982 [    175/160218]Grid done. P = 0.24 | Dur. = 0.02 | Depth = 0.40
2013-10-13 18:40:55,107 [    176/160218]Grid done. P = 0.24 | Dur. = 0.02 | Depth = 0.50
2013-10-13 18:40:55,230 [    177/160218]Grid done. P = 0.24 | Dur. = 0.02 | Depth = 0.60
2013-10-13 18:40:55,340 [    178/160218]Grid done. P = 0.24 | Dur. = 0.02 | Depth = 0.70
2013-10-13 18:40:55,450 [    179/160218]Grid done. P = 0.24 | Dur. = 0.02 | Depth = 0.80
2013-10-13 18:40:55,561 [    180/160218]Grid done. P = 0.24 | Dur. = 0.02 | Depth = 0.90
2013-10-13 18:40:55,675 [    181/160218]Grid done. P = 0.24 | Dur. = 0.03 | Depth = 0.10
2013-10-13 18:40:55,786 [    182/160218]Grid done. P = 0.24 | Dur. = 0.03 | Depth = 0.20
2013-10-13 18:40:55,901 [    183/160218]Grid done. P = 0.24 | Dur. = 0.03 | Depth = 0.30
2013-10-13 18:40:56,016 [    184/160218]Grid done. P = 0.24 | Dur. = 0.03 | Depth = 0.40
2013-10-13 18:40:56,126 [    185/160218]Grid done. P = 0.24 | Dur. = 0.03 | Depth = 0.50
2013-10-13 18:40:56,242 [    186/160218]Grid done. P = 0.24 | Dur. = 0.03 | Depth = 0.60
2013-10-13 18:40:56,358 [    187/160218]Grid done. P = 0.24 | Dur. = 0.03 | Depth = 0.70
2013-10-13 18:40:56,473 [    188/160218]Grid done. P = 0.24 | Dur. = 0.03 | Depth = 0.80
2013-10-13 18:40:56,583 [    189/160218]Grid done. P = 0.24 | Dur. = 0.03 | Depth = 0.90
2013-10-13 18:40:56,704 [    190/160218]Grid done. P = 0.24 | Dur. = 0.04 | Depth = 0.10
2013-10-13 18:40:56,815 [    191/160218]Grid done. P = 0.24 | Dur. = 0.04 | Depth = 0.20
2013-10-13 18:40:56,930 [    192/160218]Grid done. P = 0.24 | Dur. = 0.04 | Depth = 0.30
2013-10-13 18:40:57,042 [    193/160218]Grid done. P = 0.24 | Dur. = 0.04 | Depth = 0.40
2013-10-13 18:40:57,159 [    194/160218]Grid done. P = 0.24 | Dur. = 0.04 | Depth = 0.50
2013-10-13 18:40:57,268 [    195/160218]Grid done. P = 0.24 | Dur. = 0.04 | Depth = 0.60
2013-10-13 18:40:57,379 [    196/160218]Grid done. P = 0.24 | Dur. = 0.04 | Depth = 0.70
2013-10-13 18:40:57,594 [    197/160218]Grid done. P = 0.24 | Dur. = 0.04 | Depth = 0.80
2013-10-13 18:40:57,713 [    198/160218]Grid done. P = 0.24 | Dur. = 0.04 | Depth = 0.90
2013-10-13 18:40:57,851 [    199/160218]Grid done. P = 0.24 | Dur. = 0.05 | Depth = 0.10
2013-10-13 18:40:58,024 [    200/160218]Grid done. P = 0.24 | Dur. = 0.05 | Depth = 0.20
2013-10-13 18:40:58,148 [    201/160218]Grid done. P = 0.24 | Dur. = 0.05 | Depth = 0.30
2013-10-13 18:40:58,269 [    202/160218]Grid done. P = 0.24 | Dur. = 0.05 | Depth = 0.40
2013-10-13 18:40:58,379 [    203/160218]Grid done. P = 0.24 | Dur. = 0.05 | Depth = 0.50
2013-10-13 18:40:58,496 [    204/160218]Grid done. P = 0.24 | Dur. = 0.05 | Depth = 0.60
2013-10-13 18:40:58,616 [    205/160218]Grid done. P = 0.24 | Dur. = 0.05 | Depth = 0.70
2013-10-13 18:40:58,731 [    206/160218]Grid done. P = 0.24 | Dur. = 0.05 | Depth = 0.80
2013-10-13 18:40:58,849 [    207/160218]Grid done. P = 0.24 | Dur. = 0.05 | Depth = 0.90
2013-10-13 18:40:58,972 [    208/160218]Grid done. P = 0.24 | Dur. = 0.06 | Depth = 0.10
2013-10-13 18:40:59,083 [    209/160218]Grid done. P = 0.24 | Dur. = 0.06 | Depth = 0.20
2013-10-13 18:40:59,194 [    210/160218]Grid done. P = 0.24 | Dur. = 0.06 | Depth = 0.30
2013-10-13 18:40:59,311 [    211/160218]Grid done. P = 0.24 | Dur. = 0.06 | Depth = 0.40
2013-10-13 18:40:59,435 [    212/160218]Grid done. P = 0.24 | Dur. = 0.06 | Depth = 0.50
2013-10-13 18:40:59,552 [    213/160218]Grid done. P = 0.24 | Dur. = 0.06 | Depth = 0.60
2013-10-13 18:40:59,663 [    214/160218]Grid done. P = 0.24 | Dur. = 0.06 | Depth = 0.70
2013-10-13 18:40:59,773 [    215/160218]Grid done. P = 0.24 | Dur. = 0.06 | Depth = 0.80
2013-10-13 18:40:59,898 [    216/160218]Grid done. P = 0.24 | Dur. = 0.06 | Depth = 0.90
2013-10-13 18:41:00,011 [    217/160218]Grid done. P = 0.24 | Dur. = 0.07 | Depth = 0.10
2013-10-13 18:41:00,129 [    218/160218]Grid done. P = 0.24 | Dur. = 0.07 | Depth = 0.20
2013-10-13 18:41:00,239 [    219/160218]Grid done. P = 0.24 | Dur. = 0.07 | Depth = 0.30
2013-10-13 18:41:00,361 [    220/160218]Grid done. P = 0.24 | Dur. = 0.07 | Depth = 0.40
2013-10-13 18:41:00,477 [    221/160218]Grid done. P = 0.24 | Dur. = 0.07 | Depth = 0.50
2013-10-13 18:41:00,589 [    222/160218]Grid done. P = 0.24 | Dur. = 0.07 | Depth = 0.60
2013-10-13 18:41:00,710 [    223/160218]Grid done. P = 0.24 | Dur. = 0.07 | Depth = 0.70
2013-10-13 18:41:00,820 [    224/160218]Grid done. P = 0.24 | Dur. = 0.07 | Depth = 0.80
2013-10-13 18:41:00,929 [    225/160218]Grid done. P = 0.24 | Dur. = 0.07 | Depth = 0.90
2013-10-13 18:41:01,055 [    226/160218]Grid done. P = 0.24 | Dur. = 0.08 | Depth = 0.10
2013-10-13 18:41:01,165 [    227/160218]Grid done. P = 0.24 | Dur. = 0.08 | Depth = 0.20
2013-10-13 18:41:01,275 [    228/160218]Grid done. P = 0.24 | Dur. = 0.08 | Depth = 0.30
2013-10-13 18:41:01,384 [    229/160218]Grid done. P = 0.24 | Dur. = 0.08 | Depth = 0.40
2013-10-13 18:41:01,505 [    230/160218]Grid done. P = 0.24 | Dur. = 0.08 | Depth = 0.50
2013-10-13 18:41:01,618 [    231/160218]Grid done. P = 0.24 | Dur. = 0.08 | Depth = 0.60
2013-10-13 18:41:01,728 [    232/160218]Grid done. P = 0.24 | Dur. = 0.08 | Depth = 0.70
2013-10-13 18:41:01,839 [    233/160218]Grid done. P = 0.24 | Dur. = 0.08 | Depth = 0.80
2013-10-13 18:41:01,950 [    234/160218]Grid done. P = 0.24 | Dur. = 0.08 | Depth = 0.90
2013-10-13 18:41:02,062 [    235/160218]Grid done. P = 0.24 | Dur. = 0.09 | Depth = 0.10
2013-10-13 18:41:02,177 [    236/160218]Grid done. P = 0.24 | Dur. = 0.09 | Depth = 0.20
2013-10-13 18:41:02,288 [    237/160218]Grid done. P = 0.24 | Dur. = 0.09 | Depth = 0.30
2013-10-13 18:41:02,399 [    238/160218]Grid done. P = 0.24 | Dur. = 0.09 | Depth = 0.40
2013-10-13 18:41:02,537 [    239/160218]Grid done. P = 0.24 | Dur. = 0.09 | Depth = 0.50
2013-10-13 18:41:02,838 [    240/160218]Grid done. P = 0.24 | Dur. = 0.09 | Depth = 0.60
2013-10-13 18:41:03,001 [    241/160218]Grid done. P = 0.24 | Dur. = 0.09 | Depth = 0.70
2013-10-13 18:41:03,147 [    242/160218]Grid done. P = 0.24 | Dur. = 0.09 | Depth = 0.80
2013-10-13 18:41:03,334 [    243/160218]Grid done. P = 0.24 | Dur. = 0.09 | Depth = 0.90
2013-10-13 18:41:03,490 [    244/160218]Grid done. P = 0.34 | Dur. = 0.01 | Depth = 0.10
2013-10-13 18:41:03,630 [    245/160218]Grid done. P = 0.34 | Dur. = 0.01 | Depth = 0.20
2013-10-13 18:41:03,792 [    246/160218]Grid done. P = 0.34 | Dur. = 0.01 | Depth = 0.30
2013-10-13 18:41:03,921 [    247/160218]Grid done. P = 0.34 | Dur. = 0.01 | Depth = 0.40
2013-10-13 18:41:04,097 [    248/160218]Grid done. P = 0.34 | Dur. = 0.01 | Depth = 0.50
2013-10-13 18:41:04,249 [    249/160218]Grid done. P = 0.34 | Dur. = 0.01 | Depth = 0.60
2013-10-13 18:41:04,437 [    250/160218]Grid done. P = 0.34 | Dur. = 0.01 | Depth = 0.70
2013-10-13 18:41:04,557 [    251/160218]Grid done. P = 0.34 | Dur. = 0.01 | Depth = 0.80
2013-10-13 18:41:04,686 [    252/160218]Grid done. P = 0.34 | Dur. = 0.01 | Depth = 0.90
2013-10-13 18:41:04,853 [    253/160218]Grid done. P = 0.34 | Dur. = 0.02 | Depth = 0.10
2013-10-13 18:41:05,044 [    254/160218]Grid done. P = 0.34 | Dur. = 0.02 | Depth = 0.20
2013-10-13 18:41:05,196 [    255/160218]Grid done. P = 0.34 | Dur. = 0.02 | Depth = 0.30
2013-10-13 18:41:05,345 [    256/160218]Grid done. P = 0.34 | Dur. = 0.02 | Depth = 0.40
2013-10-13 18:41:05,464 [    257/160218]Grid done. P = 0.34 | Dur. = 0.02 | Depth = 0.50
2013-10-13 18:41:05,590 [    258/160218]Grid done. P = 0.34 | Dur. = 0.02 | Depth = 0.60
2013-10-13 18:41:05,725 [    259/160218]Grid done. P = 0.34 | Dur. = 0.02 | Depth = 0.70
2013-10-13 18:41:05,843 [    260/160218]Grid done. P = 0.34 | Dur. = 0.02 | Depth = 0.80
2013-10-13 18:41:05,959 [    261/160218]Grid done. P = 0.34 | Dur. = 0.02 | Depth = 0.90
2013-10-13 18:41:06,074 [    262/160218]Grid done. P = 0.34 | Dur. = 0.03 | Depth = 0.10
2013-10-13 18:41:06,185 [    263/160218]Grid done. P = 0.34 | Dur. = 0.03 | Depth = 0.20
2013-10-13 18:41:06,303 [    264/160218]Grid done. P = 0.34 | Dur. = 0.03 | Depth = 0.30
2013-10-13 18:41:06,414 [    265/160218]Grid done. P = 0.34 | Dur. = 0.03 | Depth = 0.40
2013-10-13 18:41:06,524 [    266/160218]Grid done. P = 0.34 | Dur. = 0.03 | Depth = 0.50
2013-10-13 18:41:06,638 [    267/160218]Grid done. P = 0.34 | Dur. = 0.03 | Depth = 0.60
2013-10-13 18:41:06,753 [    268/160218]Grid done. P = 0.34 | Dur. = 0.03 | Depth = 0.70
2013-10-13 18:41:06,895 [    269/160218]Grid done. P = 0.34 | Dur. = 0.03 | Depth = 0.80
2013-10-13 18:41:07,019 [    270/160218]Grid done. P = 0.34 | Dur. = 0.03 | Depth = 0.90
2013-10-13 18:41:07,137 [    271/160218]Grid done. P = 0.34 | Dur. = 0.04 | Depth = 0.10
2013-10-13 18:41:07,253 [    272/160218]Grid done. P = 0.34 | Dur. = 0.04 | Depth = 0.20
2013-10-13 18:41:07,390 [    273/160218]Grid done. P = 0.34 | Dur. = 0.04 | Depth = 0.30
2013-10-13 18:41:07,505 [    274/160218]Grid done. P = 0.34 | Dur. = 0.04 | Depth = 0.40
2013-10-13 18:41:07,631 [    275/160218]Grid done. P = 0.34 | Dur. = 0.04 | Depth = 0.50
2013-10-13 18:41:07,917 [    276/160218]Grid done. P = 0.34 | Dur. = 0.04 | Depth = 0.60
2013-10-13 18:41:08,067 [    277/160218]Grid done. P = 0.34 | Dur. = 0.04 | Depth = 0.70
2013-10-13 18:41:08,194 [    278/160218]Grid done. P = 0.34 | Dur. = 0.04 | Depth = 0.80
2013-10-13 18:41:08,312 [    279/160218]Grid done. P = 0.34 | Dur. = 0.04 | Depth = 0.90
2013-10-13 18:41:08,458 [    280/160218]Grid done. P = 0.34 | Dur. = 0.05 | Depth = 0.10
2013-10-13 18:41:08,573 [    281/160218]Grid done. P = 0.34 | Dur. = 0.05 | Depth = 0.20
2013-10-13 18:41:08,701 [    282/160218]Grid done. P = 0.34 | Dur. = 0.05 | Depth = 0.30
2013-10-13 18:41:08,820 [    283/160218]Grid done. P = 0.34 | Dur. = 0.05 | Depth = 0.40
2013-10-13 18:41:08,956 [    284/160218]Grid done. P = 0.34 | Dur. = 0.05 | Depth = 0.50
2013-10-13 18:41:09,066 [    285/160218]Grid done. P = 0.34 | Dur. = 0.05 | Depth = 0.60
2013-10-13 18:41:09,183 [    286/160218]Grid done. P = 0.34 | Dur. = 0.05 | Depth = 0.70
2013-10-13 18:41:09,335 [    287/160218]Grid done. P = 0.34 | Dur. = 0.05 | Depth = 0.80
2013-10-13 18:41:09,468 [    288/160218]Grid done. P = 0.34 | Dur. = 0.05 | Depth = 0.90
2013-10-13 18:41:09,600 [    289/160218]Grid done. P = 0.34 | Dur. = 0.06 | Depth = 0.10
2013-10-13 18:41:09,729 [    290/160218]Grid done. P = 0.34 | Dur. = 0.06 | Depth = 0.20
2013-10-13 18:41:09,856 [    291/160218]Grid done. P = 0.34 | Dur. = 0.06 | Depth = 0.30
2013-10-13 18:41:09,973 [    292/160218]Grid done. P = 0.34 | Dur. = 0.06 | Depth = 0.40
2013-10-13 18:41:10,095 [    293/160218]Grid done. P = 0.34 | Dur. = 0.06 | Depth = 0.50
2013-10-13 18:41:10,207 [    294/160218]Grid done. P = 0.34 | Dur. = 0.06 | Depth = 0.60
2013-10-13 18:41:10,318 [    295/160218]Grid done. P = 0.34 | Dur. = 0.06 | Depth = 0.70
2013-10-13 18:41:10,489 [    296/160218]Grid done. P = 0.34 | Dur. = 0.06 | Depth = 0.80
2013-10-13 18:41:10,623 [    297/160218]Grid done. P = 0.34 | Dur. = 0.06 | Depth = 0.90
2013-10-13 18:41:10,768 [    298/160218]Grid done. P = 0.34 | Dur. = 0.07 | Depth = 0.10
2013-10-13 18:41:10,889 [    299/160218]Grid done. P = 0.34 | Dur. = 0.07 | Depth = 0.20
2013-10-13 18:41:11,010 [    300/160218]Grid done. P = 0.34 | Dur. = 0.07 | Depth = 0.30
2013-10-13 18:41:11,137 [    301/160218]Grid done. P = 0.34 | Dur. = 0.07 | Depth = 0.40
2013-10-13 18:41:11,252 [    302/160218]Grid done. P = 0.34 | Dur. = 0.07 | Depth = 0.50
2013-10-13 18:41:11,363 [    303/160218]Grid done. P = 0.34 | Dur. = 0.07 | Depth = 0.60
2013-10-13 18:41:11,478 [    304/160218]Grid done. P = 0.34 | Dur. = 0.07 | Depth = 0.70
2013-10-13 18:41:11,608 [    305/160218]Grid done. P = 0.34 | Dur. = 0.07 | Depth = 0.80
2013-10-13 18:41:11,732 [    306/160218]Grid done. P = 0.34 | Dur. = 0.07 | Depth = 0.90
2013-10-13 18:41:11,880 [    307/160218]Grid done. P = 0.34 | Dur. = 0.08 | Depth = 0.10
2013-10-13 18:41:11,996 [    308/160218]Grid done. P = 0.34 | Dur. = 0.08 | Depth = 0.20
2013-10-13 18:41:12,120 [    309/160218]Grid done. P = 0.34 | Dur. = 0.08 | Depth = 0.30
2013-10-13 18:41:12,249 [    310/160218]Grid done. P = 0.34 | Dur. = 0.08 | Depth = 0.40
2013-10-13 18:41:12,359 [    311/160218]Grid done. P = 0.34 | Dur. = 0.08 | Depth = 0.50
2013-10-13 18:41:12,475 [    312/160218]Grid done. P = 0.34 | Dur. = 0.08 | Depth = 0.60
2013-10-13 18:41:12,609 [    313/160218]Grid done. P = 0.34 | Dur. = 0.08 | Depth = 0.70
2013-10-13 18:41:12,746 [    314/160218]Grid done. P = 0.34 | Dur. = 0.08 | Depth = 0.80
2013-10-13 18:41:12,953 [    315/160218]Grid done. P = 0.34 | Dur. = 0.08 | Depth = 0.90
2013-10-13 18:41:13,112 [    316/160218]Grid done. P = 0.34 | Dur. = 0.09 | Depth = 0.10
2013-10-13 18:41:13,270 [    317/160218]Grid done. P = 0.34 | Dur. = 0.09 | Depth = 0.20
2013-10-13 18:41:13,406 [    318/160218]Grid done. P = 0.34 | Dur. = 0.09 | Depth = 0.30
2013-10-13 18:41:13,527 [    319/160218]Grid done. P = 0.34 | Dur. = 0.09 | Depth = 0.40
2013-10-13 18:41:13,645 [    320/160218]Grid done. P = 0.34 | Dur. = 0.09 | Depth = 0.50
2013-10-13 18:41:13,767 [    321/160218]Grid done. P = 0.34 | Dur. = 0.09 | Depth = 0.60
2013-10-13 18:41:13,929 [    322/160218]Grid done. P = 0.34 | Dur. = 0.09 | Depth = 0.70
2013-10-13 18:41:14,051 [    323/160218]Grid done. P = 0.34 | Dur. = 0.09 | Depth = 0.80
2013-10-13 18:41:14,173 [    324/160218]Grid done. P = 0.34 | Dur. = 0.09 | Depth = 0.90
2013-10-13 18:41:14,318 [    325/160218]Grid done. P = 0.44 | Dur. = 0.01 | Depth = 0.10
2013-10-13 18:41:14,442 [    326/160218]Grid done. P = 0.44 | Dur. = 0.01 | Depth = 0.20
2013-10-13 18:41:14,563 [    327/160218]Grid done. P = 0.44 | Dur. = 0.01 | Depth = 0.30
2013-10-13 18:41:14,695 [    328/160218]Grid done. P = 0.44 | Dur. = 0.01 | Depth = 0.40
2013-10-13 18:41:14,837 [    329/160218]Grid done. P = 0.44 | Dur. = 0.01 | Depth = 0.50
2013-10-13 18:41:14,972 [    330/160218]Grid done. P = 0.44 | Dur. = 0.01 | Depth = 0.60
2013-10-13 18:41:15,087 [    331/160218]Grid done. P = 0.44 | Dur. = 0.01 | Depth = 0.70
2013-10-13 18:41:15,209 [    332/160218]Grid done. P = 0.44 | Dur. = 0.01 | Depth = 0.80
2013-10-13 18:41:15,331 [    333/160218]Grid done. P = 0.44 | Dur. = 0.01 | Depth = 0.90
2013-10-13 18:41:15,469 [    334/160218]Grid done. P = 0.44 | Dur. = 0.02 | Depth = 0.10
2013-10-13 18:41:15,601 [    335/160218]Grid done. P = 0.44 | Dur. = 0.02 | Depth = 0.20
2013-10-13 18:41:15,723 [    336/160218]Grid done. P = 0.44 | Dur. = 0.02 | Depth = 0.30
2013-10-13 18:41:15,848 [    337/160218]Grid done. P = 0.44 | Dur. = 0.02 | Depth = 0.40
2013-10-13 18:41:15,965 [    338/160218]Grid done. P = 0.44 | Dur. = 0.02 | Depth = 0.50
2013-10-13 18:41:16,078 [    339/160218]Grid done. P = 0.44 | Dur. = 0.02 | Depth = 0.60
2013-10-13 18:41:16,190 [    340/160218]Grid done. P = 0.44 | Dur. = 0.02 | Depth = 0.70
2013-10-13 18:41:16,312 [    341/160218]Grid done. P = 0.44 | Dur. = 0.02 | Depth = 0.80
2013-10-13 18:41:16,443 [    342/160218]Grid done. P = 0.44 | Dur. = 0.02 | Depth = 0.90
2013-10-13 18:41:16,603 [    343/160218]Grid done. P = 0.44 | Dur. = 0.03 | Depth = 0.10
2013-10-13 18:41:16,776 [    344/160218]Grid done. P = 0.44 | Dur. = 0.03 | Depth = 0.20
2013-10-13 18:41:16,917 [    345/160218]Grid done. P = 0.44 | Dur. = 0.03 | Depth = 0.30
2013-10-13 18:41:17,041 [    346/160218]Grid done. P = 0.44 | Dur. = 0.03 | Depth = 0.40
2013-10-13 18:41:17,372 [    347/160218]Grid done. P = 0.44 | Dur. = 0.03 | Depth = 0.50
2013-10-13 18:41:17,624 [    348/160218]Grid done. P = 0.44 | Dur. = 0.03 | Depth = 0.60
2013-10-13 18:41:17,784 [    349/160218]Grid done. P = 0.44 | Dur. = 0.03 | Depth = 0.70
2013-10-13 18:41:17,921 [    350/160218]Grid done. P = 0.44 | Dur. = 0.03 | Depth = 0.80
2013-10-13 18:41:18,064 [    351/160218]Grid done. P = 0.44 | Dur. = 0.03 | Depth = 0.90
2013-10-13 18:41:18,177 [    352/160218]Grid done. P = 0.44 | Dur. = 0.04 | Depth = 0.10
2013-10-13 18:41:18,295 [    353/160218]Grid done. P = 0.44 | Dur. = 0.04 | Depth = 0.20
2013-10-13 18:41:18,411 [    354/160218]Grid done. P = 0.44 | Dur. = 0.04 | Depth = 0.30
2013-10-13 18:41:18,529 [    355/160218]Grid done. P = 0.44 | Dur. = 0.04 | Depth = 0.40
2013-10-13 18:41:18,646 [    356/160218]Grid done. P = 0.44 | Dur. = 0.04 | Depth = 0.50
2013-10-13 18:41:18,761 [    357/160218]Grid done. P = 0.44 | Dur. = 0.04 | Depth = 0.60
2013-10-13 18:41:18,873 [    358/160218]Grid done. P = 0.44 | Dur. = 0.04 | Depth = 0.70
2013-10-13 18:41:18,983 [    359/160218]Grid done. P = 0.44 | Dur. = 0.04 | Depth = 0.80
2013-10-13 18:41:19,094 [    360/160218]Grid done. P = 0.44 | Dur. = 0.04 | Depth = 0.90
2013-10-13 18:41:19,205 [    361/160218]Grid done. P = 0.44 | Dur. = 0.05 | Depth = 0.10
2013-10-13 18:41:19,317 [    362/160218]Grid done. P = 0.44 | Dur. = 0.05 | Depth = 0.20
2013-10-13 18:41:19,429 [    363/160218]Grid done. P = 0.44 | Dur. = 0.05 | Depth = 0.30
2013-10-13 18:41:19,540 [    364/160218]Grid done. P = 0.44 | Dur. = 0.05 | Depth = 0.40
2013-10-13 18:41:19,654 [    365/160218]Grid done. P = 0.44 | Dur. = 0.05 | Depth = 0.50
2013-10-13 18:41:19,765 [    366/160218]Grid done. P = 0.44 | Dur. = 0.05 | Depth = 0.60
2013-10-13 18:41:19,879 [    367/160218]Grid done. P = 0.44 | Dur. = 0.05 | Depth = 0.70
2013-10-13 18:41:19,995 [    368/160218]Grid done. P = 0.44 | Dur. = 0.05 | Depth = 0.80
2013-10-13 18:41:20,115 [    369/160218]Grid done. P = 0.44 | Dur. = 0.05 | Depth = 0.90
2013-10-13 18:41:20,232 [    370/160218]Grid done. P = 0.44 | Dur. = 0.06 | Depth = 0.10
2013-10-13 18:41:20,342 [    371/160218]Grid done. P = 0.44 | Dur. = 0.06 | Depth = 0.20
2013-10-13 18:41:20,458 [    372/160218]Grid done. P = 0.44 | Dur. = 0.06 | Depth = 0.30
2013-10-13 18:41:20,572 [    373/160218]Grid done. P = 0.44 | Dur. = 0.06 | Depth = 0.40
2013-10-13 18:41:20,702 [    374/160218]Grid done. P = 0.44 | Dur. = 0.06 | Depth = 0.50
2013-10-13 18:41:20,814 [    375/160218]Grid done. P = 0.44 | Dur. = 0.06 | Depth = 0.60
2013-10-13 18:41:20,927 [    376/160218]Grid done. P = 0.44 | Dur. = 0.06 | Depth = 0.70
2013-10-13 18:41:21,040 [    377/160218]Grid done. P = 0.44 | Dur. = 0.06 | Depth = 0.80
2013-10-13 18:41:21,155 [    378/160218]Grid done. P = 0.44 | Dur. = 0.06 | Depth = 0.90
2013-10-13 18:41:21,270 [    379/160218]Grid done. P = 0.44 | Dur. = 0.07 | Depth = 0.10
2013-10-13 18:41:21,380 [    380/160218]Grid done. P = 0.44 | Dur. = 0.07 | Depth = 0.20
2013-10-13 18:41:21,490 [    381/160218]Grid done. P = 0.44 | Dur. = 0.07 | Depth = 0.30
2013-10-13 18:41:21,604 [    382/160218]Grid done. P = 0.44 | Dur. = 0.07 | Depth = 0.40
2013-10-13 18:41:21,723 [    383/160218]Grid done. P = 0.44 | Dur. = 0.07 | Depth = 0.50
2013-10-13 18:41:21,833 [    384/160218]Grid done. P = 0.44 | Dur. = 0.07 | Depth = 0.60
2013-10-13 18:41:21,948 [    385/160218]Grid done. P = 0.44 | Dur. = 0.07 | Depth = 0.70
2013-10-13 18:41:22,058 [    386/160218]Grid done. P = 0.44 | Dur. = 0.07 | Depth = 0.80
2013-10-13 18:41:22,170 [    387/160218]Grid done. P = 0.44 | Dur. = 0.07 | Depth = 0.90
2013-10-13 18:41:22,281 [    388/160218]Grid done. P = 0.44 | Dur. = 0.08 | Depth = 0.10
2013-10-13 18:41:22,397 [    389/160218]Grid done. P = 0.44 | Dur. = 0.08 | Depth = 0.20
2013-10-13 18:41:22,508 [    390/160218]Grid done. P = 0.44 | Dur. = 0.08 | Depth = 0.30
2013-10-13 18:41:22,627 [    391/160218]Grid done. P = 0.44 | Dur. = 0.08 | Depth = 0.40
2013-10-13 18:41:22,742 [    392/160218]Grid done. P = 0.44 | Dur. = 0.08 | Depth = 0.50
2013-10-13 18:41:22,861 [    393/160218]Grid done. P = 0.44 | Dur. = 0.08 | Depth = 0.60
2013-10-13 18:41:22,998 [    394/160218]Grid done. P = 0.44 | Dur. = 0.08 | Depth = 0.70
2013-10-13 18:41:23,108 [    395/160218]Grid done. P = 0.44 | Dur. = 0.08 | Depth = 0.80
2013-10-13 18:41:23,234 [    396/160218]Grid done. P = 0.44 | Dur. = 0.08 | Depth = 0.90
2013-10-13 18:41:23,354 [    397/160218]Grid done. P = 0.44 | Dur. = 0.09 | Depth = 0.10
2013-10-13 18:41:23,477 [    398/160218]Grid done. P = 0.44 | Dur. = 0.09 | Depth = 0.20
2013-10-13 18:41:23,611 [    399/160218]Grid done. P = 0.44 | Dur. = 0.09 | Depth = 0.30
2013-10-13 18:41:23,727 [    400/160218]Grid done. P = 0.44 | Dur. = 0.09 | Depth = 0.40
2013-10-13 18:41:23,851 [    401/160218]Grid done. P = 0.44 | Dur. = 0.09 | Depth = 0.50
2013-10-13 18:41:23,964 [    402/160218]Grid done. P = 0.44 | Dur. = 0.09 | Depth = 0.60
2013-10-13 18:41:24,087 [    403/160218]Grid done. P = 0.44 | Dur. = 0.09 | Depth = 0.70
2013-10-13 18:41:24,206 [    404/160218]Grid done. P = 0.44 | Dur. = 0.09 | Depth = 0.80
2013-10-13 20:20:00,661 Total number of light curves: 160218000
2013-10-13 20:20:13,681 [      9/160218] positions done. P = 0.04 | Dur. = 0.01 | Depth = 0.90
2013-10-13 20:20:13,681 Saving data to binary.npy
2013-10-13 20:20:58,582 Total number of light curves: 80109000
2013-10-13 20:21:05,062 [      9/160218] positions done. P = 0.04 | Dur. = 0.01 | Depth = 0.90
2013-10-13 20:21:05,062 Saving data to binary.npy
2013-10-13 20:22:10,692 Total number of light curves: 160218000
2013-10-13 20:22:22,720 [      9/160218] positions done. P = 0.04 | Dur. = 0.01 | Depth = 0.90
2013-10-13 20:22:22,721 Saving data to binary.npy
